{
  "stats": {
    "suites": 2,
    "tests": 2,
    "passes": 2,
    "pending": 0,
    "failures": 0,
    "testsRegistered": 2,
    "passPercent": 100,
    "pendingPercent": 0,
    "other": 0,
    "hasOther": false,
    "skipped": 0,
    "hasSkipped": false,
    "start": "2023-12-06T18:21:51.766Z",
    "end": "2023-12-06T18:21:55.954Z",
    "duration": 4188
  },
  "results": [
    {
      "uuid": "e6059752-e073-4646-bb05-3cf7c4496eec",
      "title": "",
      "fullFile": "cypress/e2e/sample_test.cy.js",
      "file": "cypress/e2e/sample_test.cy.js",
      "beforeHooks": [],
      "afterHooks": [],
      "tests": [],
      "suites": [
        {
          "uuid": "b2b23998-14e0-41f6-9a48-7ac1c2c6b13f",
          "title": "Buy item",
          "fullFile": "",
          "file": "",
          "beforeHooks": [],
          "afterHooks": [],
          "tests": [
            {
              "title": "Buys an item from the site",
              "fullTitle": "Buy item Buys an item from the site",
              "timedOut": null,
              "duration": 3457,
              "state": "passed",
              "speed": "fast",
              "pass": true,
              "fail": false,
              "pending": false,
              "context": "[\n  \"06/12/2023, 23:21:55 - Navigating Home Page\",\n  \"06/12/2023, 23:21:55 - Swag Logo is displaying\",\n  \"06/12/2023, 23:21:55 - Enter standard_user on username field.\",\n  \"06/12/2023, 23:21:55 - Enter secret_sauce on password field.\",\n  \"06/12/2023, 23:21:55 - Click on Login Button\"\n]",
              "code": "",
              "err": {},
              "uuid": "4b25982a-c486-4f7b-b62a-f3f683afed4e",
              "parentUUID": "b2b23998-14e0-41f6-9a48-7ac1c2c6b13f",
              "isHook": false,
              "skipped": false
            }
          ],
          "suites": [],
          "passes": [
            "4b25982a-c486-4f7b-b62a-f3f683afed4e"
          ],
          "failures": [],
          "pending": [],
          "skipped": [],
          "duration": 3457,
          "root": false,
          "rootEmpty": false,
          "_timeout": 2000
        }
      ],
      "passes": [],
      "failures": [],
      "pending": [],
      "skipped": [],
      "duration": 0,
      "root": true,
      "rootEmpty": true,
      "_timeout": 2000
    },
    {
      "uuid": "c500be7a-d376-469b-9081-2a3953cdab24",
      "title": "",
      "fullFile": "cypress/e2e/sample_test.cy.js",
      "file": "cypress/e2e/sample_test.cy.js",
      "beforeHooks": [],
      "afterHooks": [],
      "tests": [],
      "suites": [
        {
          "uuid": "f76d9e40-0151-489f-956e-168b57294175",
          "title": "Buy item",
          "fullFile": "",
          "file": "",
          "beforeHooks": [],
          "afterHooks": [],
          "tests": [
            {
              "title": "Buys an item from the site",
              "fullTitle": "Buy item Buys an item from the site",
              "timedOut": null,
              "duration": 3518,
              "state": "passed",
              "speed": "fast",
              "pass": true,
              "fail": false,
              "pending": false,
              "context": "[\n  \"06/12/2023, 23:21:55 - Navigating Home Page\",\n  \"06/12/2023, 23:21:55 - Swag Logo is displaying\",\n  \"06/12/2023, 23:21:55 - Enter standard_user on username field.\",\n  \"06/12/2023, 23:21:55 - Enter secret_sauce on password field.\",\n  \"06/12/2023, 23:21:55 - Click on Login Button\"\n]",
              "code": "",
              "err": {},
              "uuid": "8cd2dc7a-79a0-4f53-8eff-05d5988ed0ef",
              "parentUUID": "f76d9e40-0151-489f-956e-168b57294175",
              "isHook": false,
              "skipped": false
            }
          ],
          "suites": [],
          "passes": [
            "8cd2dc7a-79a0-4f53-8eff-05d5988ed0ef"
          ],
          "failures": [],
          "pending": [],
          "skipped": [],
          "duration": 3518,
          "root": false,
          "rootEmpty": false,
          "_timeout": 2000
        }
      ],
      "passes": [],
      "failures": [],
      "pending": [],
      "skipped": [],
      "duration": 0,
      "root": true,
      "rootEmpty": true,
      "_timeout": 2000
    }
  ],
  "meta": {
    "mocha": {
      "version": "7.0.1"
    },
    "mochawesome": {
      "options": {
        "quiet": false,
        "reportFilename": "mochawesome",
        "saveHtml": false,
        "saveJson": true,
        "consoleReporter": "spec",
        "useInlineDiffs": false,
        "code": false
      },
      "version": "7.1.3"
    },
    "marge": {
      "options": {
        "id": "default",
        "reportDir": "cypress/results/mochawesome",
        "quite": true,
        "overwrite": false,
        "html": false,
        "json": true,
        "code": false,
        "timestamp": "longDate"
      },
      "version": "6.2.0"
    }
  }
}