{
  "stats": {
    "suites": 3,
    "tests": 23,
    "passes": 23,
    "pending": 0,
    "failures": 0,
    "testsRegistered": 23,
    "passPercent": 100,
    "pendingPercent": 0,
    "other": 0,
    "hasOther": false,
    "skipped": 0,
    "hasSkipped": false,
    "start": "2023-12-18T15:41:46.029Z",
    "end": "2023-12-18T15:41:55.956Z",
    "duration": 9927
  },
  "results": [
    {
      "uuid": "f8e14d7c-7f15-48ee-88a4-c08ab0c8a0f2",
      "title": "",
      "fullFile": "cypress/e2e/api/comments.js",
      "file": "cypress/e2e/api/comments.js",
      "beforeHooks": [],
      "afterHooks": [],
      "tests": [],
      "suites": [
        {
          "uuid": "1c11f935-9c77-41f7-b4f6-ef4494352f26",
          "title": "Comments - GET ALL Requests",
          "fullFile": "",
          "file": "",
          "beforeHooks": [],
          "afterHooks": [],
          "tests": [
            {
              "title": "Verify Status Code",
              "fullTitle": "Comments - GET ALL Requests Verify Status Code",
              "timedOut": null,
              "duration": 1094,
              "state": "passed",
              "speed": "fast",
              "pass": true,
              "fail": false,
              "pending": false,
              "context": "[\n  \"18/12/2023, 20:41:47 - Verifying Status code on https://jsonplaceholder.typicode.com/posts/36/comments\",\n  \"18/12/2023, 20:41:47 - Status code is 200\"\n]",
              "code": "",
              "err": {},
              "uuid": "7f3ca80f-f5dd-4e3a-a81a-01881885cde2",
              "parentUUID": "1c11f935-9c77-41f7-b4f6-ef4494352f26",
              "isHook": false,
              "skipped": false
            },
            {
              "title": "Verify All Comments contains keys and values",
              "fullTitle": "Comments - GET ALL Requests Verify All Comments contains keys and values",
              "timedOut": null,
              "duration": 201,
              "state": "passed",
              "speed": "fast",
              "pass": true,
              "fail": false,
              "pending": false,
              "context": null,
              "code": "",
              "err": {},
              "uuid": "d1775749-4712-4d5b-bb73-f9b40b8db715",
              "parentUUID": "1c11f935-9c77-41f7-b4f6-ef4494352f26",
              "isHook": false,
              "skipped": false
            },
            {
              "title": "Verify JSON Schema of response",
              "fullTitle": "Comments - GET ALL Requests Verify JSON Schema of response",
              "timedOut": null,
              "duration": 250,
              "state": "passed",
              "speed": "fast",
              "pass": true,
              "fail": false,
              "pending": false,
              "context": null,
              "code": "",
              "err": {},
              "uuid": "c9fe1ae8-c93c-4179-96d7-a25fd4c9d5fc",
              "parentUUID": "1c11f935-9c77-41f7-b4f6-ef4494352f26",
              "isHook": false,
              "skipped": false
            },
            {
              "title": "Verify postID has one value",
              "fullTitle": "Comments - GET ALL Requests Verify postID has one value",
              "timedOut": null,
              "duration": 207,
              "state": "passed",
              "speed": "fast",
              "pass": true,
              "fail": false,
              "pending": false,
              "context": null,
              "code": "",
              "err": {},
              "uuid": "643f2527-89fe-4737-8e55-2d7fab1f189b",
              "parentUUID": "1c11f935-9c77-41f7-b4f6-ef4494352f26",
              "isHook": false,
              "skipped": false
            }
          ],
          "suites": [],
          "passes": [
            "7f3ca80f-f5dd-4e3a-a81a-01881885cde2",
            "d1775749-4712-4d5b-bb73-f9b40b8db715",
            "c9fe1ae8-c93c-4179-96d7-a25fd4c9d5fc",
            "643f2527-89fe-4737-8e55-2d7fab1f189b"
          ],
          "failures": [],
          "pending": [],
          "skipped": [],
          "duration": 1752,
          "root": false,
          "rootEmpty": false,
          "_timeout": 2000
        }
      ],
      "passes": [],
      "failures": [],
      "pending": [],
      "skipped": [],
      "duration": 0,
      "root": true,
      "rootEmpty": true,
      "_timeout": 2000
    },
    {
      "uuid": "51a472a9-fd74-46ef-be25-ed64f6d95da3",
      "title": "",
      "fullFile": "cypress/e2e/api/photos.js",
      "file": "cypress/e2e/api/photos.js",
      "beforeHooks": [],
      "afterHooks": [],
      "tests": [],
      "suites": [
        {
          "uuid": "b5d2ba2d-16b9-401b-bcaa-78efd0235d73",
          "title": "Photos - GET End Point",
          "fullFile": "",
          "file": "",
          "beforeHooks": [],
          "afterHooks": [],
          "tests": [
            {
              "title": "Verify Status of Get All Photos",
              "fullTitle": "Photos - GET End Point Verify Status of Get All Photos",
              "timedOut": null,
              "duration": 233,
              "state": "passed",
              "speed": "fast",
              "pass": true,
              "fail": false,
              "pending": false,
              "context": null,
              "code": "",
              "err": {},
              "uuid": "1f780910-f652-46c5-8550-0fb1f43f9230",
              "parentUUID": "b5d2ba2d-16b9-401b-bcaa-78efd0235d73",
              "isHook": false,
              "skipped": false
            },
            {
              "title": "Verify All Photos response contains correct keys and values",
              "fullTitle": "Photos - GET End Point Verify All Photos response contains correct keys and values",
              "timedOut": null,
              "duration": 249,
              "state": "passed",
              "speed": "fast",
              "pass": true,
              "fail": false,
              "pending": false,
              "context": null,
              "code": "",
              "err": {},
              "uuid": "0ddeea10-2f86-4b12-85c3-7df07e443b41",
              "parentUUID": "b5d2ba2d-16b9-401b-bcaa-78efd0235d73",
              "isHook": false,
              "skipped": false
            },
            {
              "title": "Verify All Photos responses values are not empty",
              "fullTitle": "Photos - GET End Point Verify All Photos responses values are not empty",
              "timedOut": null,
              "duration": 218,
              "state": "passed",
              "speed": "fast",
              "pass": true,
              "fail": false,
              "pending": false,
              "context": null,
              "code": "",
              "err": {},
              "uuid": "3147e8e9-d063-4b83-8f5b-54c4d7b47447",
              "parentUUID": "b5d2ba2d-16b9-401b-bcaa-78efd0235d73",
              "isHook": false,
              "skipped": false
            },
            {
              "title": "Verify All values of 1st object",
              "fullTitle": "Photos - GET End Point Verify All values of 1st object",
              "timedOut": null,
              "duration": 213,
              "state": "passed",
              "speed": "fast",
              "pass": true,
              "fail": false,
              "pending": false,
              "context": null,
              "code": "",
              "err": {},
              "uuid": "d0bccdc6-7aae-4c60-b119-1568fc57a7ac",
              "parentUUID": "b5d2ba2d-16b9-401b-bcaa-78efd0235d73",
              "isHook": false,
              "skipped": false
            },
            {
              "title": "Verify Status of Get All Photos with invalid Method",
              "fullTitle": "Photos - GET End Point Verify Status of Get All Photos with invalid Method",
              "timedOut": null,
              "duration": 308,
              "state": "passed",
              "speed": "fast",
              "pass": true,
              "fail": false,
              "pending": false,
              "context": null,
              "code": "",
              "err": {},
              "uuid": "32482af7-88a5-4f30-8ba5-c28055eb5bfa",
              "parentUUID": "b5d2ba2d-16b9-401b-bcaa-78efd0235d73",
              "isHook": false,
              "skipped": false
            },
            {
              "title": "Verify JSON Schema against Response",
              "fullTitle": "Photos - GET End Point Verify JSON Schema against Response",
              "timedOut": null,
              "duration": 261,
              "state": "passed",
              "speed": "fast",
              "pass": true,
              "fail": false,
              "pending": false,
              "context": null,
              "code": "",
              "err": {},
              "uuid": "e5987539-8320-42f2-afc0-c36ac7765fed",
              "parentUUID": "b5d2ba2d-16b9-401b-bcaa-78efd0235d73",
              "isHook": false,
              "skipped": false
            }
          ],
          "suites": [],
          "passes": [
            "1f780910-f652-46c5-8550-0fb1f43f9230",
            "0ddeea10-2f86-4b12-85c3-7df07e443b41",
            "3147e8e9-d063-4b83-8f5b-54c4d7b47447",
            "d0bccdc6-7aae-4c60-b119-1568fc57a7ac",
            "32482af7-88a5-4f30-8ba5-c28055eb5bfa",
            "e5987539-8320-42f2-afc0-c36ac7765fed"
          ],
          "failures": [],
          "pending": [],
          "skipped": [],
          "duration": 1482,
          "root": false,
          "rootEmpty": false,
          "_timeout": 2000
        }
      ],
      "passes": [],
      "failures": [],
      "pending": [],
      "skipped": [],
      "duration": 0,
      "root": true,
      "rootEmpty": true,
      "_timeout": 2000
    },
    {
      "uuid": "f8572a2d-0208-4562-ab49-a34c9ac7935b",
      "title": "",
      "fullFile": "cypress/e2e/api/posts.js",
      "file": "cypress/e2e/api/posts.js",
      "beforeHooks": [],
      "afterHooks": [],
      "tests": [],
      "suites": [
        {
          "uuid": "5a3686d2-514d-41bf-b008-42be2423b9aa",
          "title": "Get all Posts - GET REQUEST End Point",
          "fullFile": "",
          "file": "",
          "beforeHooks": [],
          "afterHooks": [],
          "tests": [
            {
              "title": "Verify Status of Get All Posts",
              "fullTitle": "Get all Posts - GET REQUEST End Point Verify Status of Get All Posts",
              "timedOut": null,
              "duration": 216,
              "state": "passed",
              "speed": "fast",
              "pass": true,
              "fail": false,
              "pending": false,
              "context": null,
              "code": "",
              "err": {},
              "uuid": "c5c8c76f-ad01-40ac-ad2a-06d0b4cf965e",
              "parentUUID": "5a3686d2-514d-41bf-b008-42be2423b9aa",
              "isHook": false,
              "skipped": false
            },
            {
              "title": "Verify All Posts response contains correct keys and values",
              "fullTitle": "Get all Posts - GET REQUEST End Point Verify All Posts response contains correct keys and values",
              "timedOut": null,
              "duration": 286,
              "state": "passed",
              "speed": "fast",
              "pass": true,
              "fail": false,
              "pending": false,
              "context": null,
              "code": "",
              "err": {},
              "uuid": "fa412ab2-be71-4448-b514-f7d6f47eabbe",
              "parentUUID": "5a3686d2-514d-41bf-b008-42be2423b9aa",
              "isHook": false,
              "skipped": false
            },
            {
              "title": "Verify All values of 1st object",
              "fullTitle": "Get all Posts - GET REQUEST End Point Verify All values of 1st object",
              "timedOut": null,
              "duration": 217,
              "state": "passed",
              "speed": "fast",
              "pass": true,
              "fail": false,
              "pending": false,
              "context": null,
              "code": "",
              "err": {},
              "uuid": "0c52421c-dde6-4d9f-b6ee-7b023ca4c471",
              "parentUUID": "5a3686d2-514d-41bf-b008-42be2423b9aa",
              "isHook": false,
              "skipped": false
            },
            {
              "title": "Verify Status of Get All Posts with invalid Method",
              "fullTitle": "Get all Posts - GET REQUEST End Point Verify Status of Get All Posts with invalid Method",
              "timedOut": null,
              "duration": 296,
              "state": "passed",
              "speed": "fast",
              "pass": true,
              "fail": false,
              "pending": false,
              "context": null,
              "code": "",
              "err": {},
              "uuid": "e51ff72a-b80d-4cb1-916a-829ad2b44cc6",
              "parentUUID": "5a3686d2-514d-41bf-b008-42be2423b9aa",
              "isHook": false,
              "skipped": false
            },
            {
              "title": "Verify JSON Schema against Response",
              "fullTitle": "Get all Posts - GET REQUEST End Point Verify JSON Schema against Response",
              "timedOut": null,
              "duration": 255,
              "state": "passed",
              "speed": "fast",
              "pass": true,
              "fail": false,
              "pending": false,
              "context": null,
              "code": "",
              "err": {},
              "uuid": "f9fa1a8e-60db-48c7-b950-43d04fd1358e",
              "parentUUID": "5a3686d2-514d-41bf-b008-42be2423b9aa",
              "isHook": false,
              "skipped": false
            }
          ],
          "suites": [],
          "passes": [
            "c5c8c76f-ad01-40ac-ad2a-06d0b4cf965e",
            "fa412ab2-be71-4448-b514-f7d6f47eabbe",
            "0c52421c-dde6-4d9f-b6ee-7b023ca4c471",
            "e51ff72a-b80d-4cb1-916a-829ad2b44cc6",
            "f9fa1a8e-60db-48c7-b950-43d04fd1358e"
          ],
          "failures": [],
          "pending": [],
          "skipped": [],
          "duration": 1270,
          "root": false,
          "rootEmpty": false,
          "_timeout": 2000
        },
        {
          "uuid": "2b9bff4f-f131-4520-9315-5e5ee2e15793",
          "title": "Create New Post - POST REQUEST End Point",
          "fullFile": "",
          "file": "",
          "beforeHooks": [],
          "afterHooks": [],
          "tests": [
            {
              "title": "Verify Status of creating a Posts",
              "fullTitle": "Create New Post - POST REQUEST End Point Verify Status of creating a Posts",
              "timedOut": null,
              "duration": 289,
              "state": "passed",
              "speed": "fast",
              "pass": true,
              "fail": false,
              "pending": false,
              "context": null,
              "code": "",
              "err": {},
              "uuid": "d56faf80-4ee4-4231-8d0e-bb32027709e6",
              "parentUUID": "2b9bff4f-f131-4520-9315-5e5ee2e15793",
              "isHook": false,
              "skipped": false
            },
            {
              "title": "Verify schema Validation",
              "fullTitle": "Create New Post - POST REQUEST End Point Verify schema Validation",
              "timedOut": null,
              "duration": 291,
              "state": "passed",
              "speed": "fast",
              "pass": true,
              "fail": false,
              "pending": false,
              "context": null,
              "code": "",
              "err": {},
              "uuid": "81890de6-5ff6-4175-91d3-92624f94b9a7",
              "parentUUID": "2b9bff4f-f131-4520-9315-5e5ee2e15793",
              "isHook": false,
              "skipped": false
            },
            {
              "title": "Verify values in response",
              "fullTitle": "Create New Post - POST REQUEST End Point Verify values in response",
              "timedOut": null,
              "duration": 310,
              "state": "passed",
              "speed": "fast",
              "pass": true,
              "fail": false,
              "pending": false,
              "context": null,
              "code": "",
              "err": {},
              "uuid": "c7b01a86-c4c6-4834-8ec5-4320ead66d87",
              "parentUUID": "2b9bff4f-f131-4520-9315-5e5ee2e15793",
              "isHook": false,
              "skipped": false
            },
            {
              "title": "Verify Status Code with Invalid Method with 'PUT'",
              "fullTitle": "Create New Post - POST REQUEST End Point Verify Status Code with Invalid Method with 'PUT'",
              "timedOut": null,
              "duration": 524,
              "state": "passed",
              "speed": "fast",
              "pass": true,
              "fail": false,
              "pending": false,
              "context": null,
              "code": "",
              "err": {},
              "uuid": "5d7f8d52-cde3-4adb-8aaf-f7d059c6c5b3",
              "parentUUID": "2b9bff4f-f131-4520-9315-5e5ee2e15793",
              "isHook": false,
              "skipped": false
            }
          ],
          "suites": [],
          "passes": [
            "d56faf80-4ee4-4231-8d0e-bb32027709e6",
            "81890de6-5ff6-4175-91d3-92624f94b9a7",
            "c7b01a86-c4c6-4834-8ec5-4320ead66d87",
            "5d7f8d52-cde3-4adb-8aaf-f7d059c6c5b3"
          ],
          "failures": [],
          "pending": [],
          "skipped": [],
          "duration": 1414,
          "root": false,
          "rootEmpty": false,
          "_timeout": 2000
        },
        {
          "uuid": "615a6a82-9e06-47ac-b9c3-3567d2e0bff4",
          "title": "Update existing post - PUT Request End Point",
          "fullFile": "",
          "file": "",
          "beforeHooks": [],
          "afterHooks": [],
          "tests": [
            {
              "title": "Verify Status code",
              "fullTitle": "Update existing post - PUT Request End Point Verify Status code",
              "timedOut": null,
              "duration": 478,
              "state": "passed",
              "speed": "fast",
              "pass": true,
              "fail": false,
              "pending": false,
              "context": null,
              "code": "",
              "err": {},
              "uuid": "ed2dd98f-5501-48eb-a479-e31e7ccfe601",
              "parentUUID": "615a6a82-9e06-47ac-b9c3-3567d2e0bff4",
              "isHook": false,
              "skipped": false
            },
            {
              "title": "Verify schema Validation",
              "fullTitle": "Update existing post - PUT Request End Point Verify schema Validation",
              "timedOut": null,
              "duration": 294,
              "state": "passed",
              "speed": "fast",
              "pass": true,
              "fail": false,
              "pending": false,
              "context": null,
              "code": "",
              "err": {},
              "uuid": "9c805958-1da6-47fe-9a1b-ca0ac6ae40d2",
              "parentUUID": "615a6a82-9e06-47ac-b9c3-3567d2e0bff4",
              "isHook": false,
              "skipped": false
            },
            {
              "title": "Verify values in response",
              "fullTitle": "Update existing post - PUT Request End Point Verify values in response",
              "timedOut": null,
              "duration": 287,
              "state": "passed",
              "speed": "fast",
              "pass": true,
              "fail": false,
              "pending": false,
              "context": null,
              "code": "",
              "err": {},
              "uuid": "7a9efc53-7e3e-415f-afc5-9216c54f6bde",
              "parentUUID": "615a6a82-9e06-47ac-b9c3-3567d2e0bff4",
              "isHook": false,
              "skipped": false
            },
            {
              "title": "Verify Status Code with Invalid Method with 'POST'",
              "fullTitle": "Update existing post - PUT Request End Point Verify Status Code with Invalid Method with 'POST'",
              "timedOut": null,
              "duration": 281,
              "state": "passed",
              "speed": "fast",
              "pass": true,
              "fail": false,
              "pending": false,
              "context": null,
              "code": "",
              "err": {},
              "uuid": "0cf48cf1-a1a0-4195-83f2-07a0b4f23b2e",
              "parentUUID": "615a6a82-9e06-47ac-b9c3-3567d2e0bff4",
              "isHook": false,
              "skipped": false
            }
          ],
          "suites": [],
          "passes": [
            "ed2dd98f-5501-48eb-a479-e31e7ccfe601",
            "9c805958-1da6-47fe-9a1b-ca0ac6ae40d2",
            "7a9efc53-7e3e-415f-afc5-9216c54f6bde",
            "0cf48cf1-a1a0-4195-83f2-07a0b4f23b2e"
          ],
          "failures": [],
          "pending": [],
          "skipped": [],
          "duration": 1340,
          "root": false,
          "rootEmpty": false,
          "_timeout": 2000
        }
      ],
      "passes": [],
      "failures": [],
      "pending": [],
      "skipped": [],
      "duration": 0,
      "root": true,
      "rootEmpty": true,
      "_timeout": 2000
    }
  ],
  "meta": {
    "mocha": {
      "version": "7.0.1"
    },
    "mochawesome": {
      "options": {
        "quiet": false,
        "reportFilename": "mochawesome",
        "saveHtml": false,
        "saveJson": true,
        "consoleReporter": "spec",
        "useInlineDiffs": false,
        "code": false
      },
      "version": "7.1.3"
    },
    "marge": {
      "options": {
        "id": "default",
        "reportDir": "cypress/results/mochawesome",
        "quite": true,
        "overwrite": false,
        "html": false,
        "json": true,
        "code": false,
        "timestamp": "longDate"
      },
      "version": "6.2.0"
    }
  }
}